Using pre-set license
Built from '2020.2/staging' branch; Version is '2020.2.3f1 (8ff31bc5bf5b) revision 9433883'; Using compiler version '192528614'; Build Type 'Release'
OS: 'Windows 10 Home; OS build 19042.928; Version 2009; 64bit' Language: 'en' Physical Memory: 16334 MB
BatchMode: 1, IsHumanControllingUs: 0, StartBugReporterOnCrash: 0, Is64bit: 1, IsPro: 0

 COMMAND LINE ARGUMENTS:
C:\Program Files\Unity\Hub\Editor\2020.2.3f1\Editor\Unity.exe
-adb2
-batchMode
-noUpm
-name
AssetImportWorker0
-projectPath
C:/Users/Jayden Hobbs/Documents/GitHub/HobbsRubeGoldbergGit/HobbsRubeGoldberg
-logFile
Logs/AssetImportWorker0.log
-srvPort
63884
Successfully changed project path to: C:/Users/Jayden Hobbs/Documents/GitHub/HobbsRubeGoldbergGit/HobbsRubeGoldberg
C:/Users/Jayden Hobbs/Documents/GitHub/HobbsRubeGoldbergGit/HobbsRubeGoldberg
Using Asset Import Pipeline V2.
Refreshing native plugins compatible for Editor in 31.05 ms, found 0 plugins.
Preloading 0 native plugins for Editor in 0.00 ms.
Initialize engine version: 2020.2.3f1 (8ff31bc5bf5b)
[Subsystems] Discovering subsystems at path C:/Program Files/Unity/Hub/Editor/2020.2.3f1/Editor/Data/Resources/UnitySubsystems
[Subsystems] Discovering subsystems at path C:/Users/Jayden Hobbs/Documents/GitHub/HobbsRubeGoldbergGit/HobbsRubeGoldberg/Assets
GfxDevice: creating device client; threaded=0
Direct3D:
    Version:  Direct3D 11.0 [level 11.1]
    Renderer: Radeon RX 580 Series (ID=0x67df)
    Vendor:   
    VRAM:     8171 MB
    Driver:   27.20.14501.24001
Initialize mono
Mono path[0] = 'C:/Program Files/Unity/Hub/Editor/2020.2.3f1/Editor/Data/Managed'
Mono path[1] = 'C:/Program Files/Unity/Hub/Editor/2020.2.3f1/Editor/Data/MonoBleedingEdge/lib/mono/unityjit'
Mono config path = 'C:/Program Files/Unity/Hub/Editor/2020.2.3f1/Editor/Data/MonoBleedingEdge/etc'
Using monoOptions --debugger-agent=transport=dt_socket,embedding=1,server=y,suspend=n,address=127.0.0.1:56740
Begin MonoManager ReloadAssembly
Registering precompiled unity dll's ...
Register platform support module: C:/Program Files/Unity/Hub/Editor/2020.2.3f1/Editor/Data/PlaybackEngines/WindowsStandaloneSupport/UnityEditor.WindowsStandalone.Extensions.dll
Registered in 0.002617 seconds.
Native extension for WindowsStandalone target not found
Refreshing native plugins compatible for Editor in 30.02 ms, found 0 plugins.
Preloading 0 native plugins for Editor in 0.00 ms.
Invoked RoslynAnalysisRunner static constructor.
RoslynAnalysisRunner will not be running.
RoslynAnalysisRunner has terminated.
Mono: successfully reloaded assembly
- Completed reload, in  1.368 seconds
Platform modules already initialized, skipping
Registering precompiled user dll's ...
Registered in 0.000833 seconds.
Begin MonoManager ReloadAssembly
Native extension for WindowsStandalone target not found
Refreshing native plugins compatible for Editor in 0.25 ms, found 0 plugins.
Preloading 0 native plugins for Editor in 0.00 ms.
Invoked RoslynAnalysisRunner static constructor.
RoslynAnalysisRunner will not be running.
RoslynAnalysisRunner has terminated.
Mono: successfully reloaded assembly
- Completed reload, in  0.977 seconds
Platform modules already initialized, skipping
========================================================================
Worker process is ready to serve import requests
Launched and connected shader compiler UnityShaderCompiler.exe after 0.04 seconds
Refreshing native plugins compatible for Editor in 0.24 ms, found 0 plugins.
Preloading 0 native plugins for Editor in 0.00 ms.
Unloading 1103 Unused Serialized files (Serialized files now loaded: 0)
System memory in use before: 139.5 MB.
System memory in use after: 139.6 MB.

Unloading 10 unused Assets to reduce memory usage. Loaded Objects now: 1561.
Total: 1.857600 ms (FindLiveObjects: 0.156300 ms CreateObjectMapping: 0.033400 ms MarkObjects: 1.581700 ms  DeleteObjects: 0.085100 ms)

========================================================================
Received Import Request.
  path: Assets/DigitalKonstrukt/Prototyping_Pack_Free
  artifactKey: Guid(19eaa541f0bf9a04da9c94f9b333396b) Importer(815301076,1909f56bfc062723c751e8b465ee728b)
Start importing Assets/DigitalKonstrukt/Prototyping_Pack_Free using Guid(19eaa541f0bf9a04da9c94f9b333396b) Importer(815301076,1909f56bfc062723c751e8b465ee728b)  -> (artifact id: 'df5e3b5c643eb9a9250fa54f001a0c9f') in 0.009568 seconds
  Import took 0.011632 seconds .

========================================================================
Received Import Request.
  Time since last request: 0.000223 seconds.
  path: Assets/DigitalKonstrukt/Prototyping_Pack_Free/Resources
  artifactKey: Guid(dc4bb0fafa82d884481178ef46e29fdd) Importer(815301076,1909f56bfc062723c751e8b465ee728b)
Start importing Assets/DigitalKonstrukt/Prototyping_Pack_Free/Resources using Guid(dc4bb0fafa82d884481178ef46e29fdd) Importer(815301076,1909f56bfc062723c751e8b465ee728b)  -> (artifact id: '26d28313824e0e4f60dbe776c6d4b598') in 0.007320 seconds
  Import took 0.009158 seconds .

========================================================================
Received Import Request.
  Time since last request: 3.752282 seconds.
  path: Assets/DigitalKonstrukt/Prototyping_Pack_Free/Demo
  artifactKey: Guid(7ed71ee299d728c4eb5ee2775958ba9a) Importer(815301076,1909f56bfc062723c751e8b465ee728b)
Start importing Assets/DigitalKonstrukt/Prototyping_Pack_Free/Demo using Guid(7ed71ee299d728c4eb5ee2775958ba9a) Importer(815301076,1909f56bfc062723c751e8b465ee728b)  -> (artifact id: '3fde337677cbbba37b1dc3f444b67350') in 0.007857 seconds
  Import took 0.010057 seconds .

========================================================================
Received Import Request.
  Time since last request: 0.000594 seconds.
  path: Assets/DigitalKonstrukt/Prototyping_Pack_Free/Demo
  artifactKey: Guid(7ed71ee299d728c4eb5ee2775958ba9a) Importer(815301076,1909f56bfc062723c751e8b465ee728b)
Start importing Assets/DigitalKonstrukt/Prototyping_Pack_Free/Demo using Guid(7ed71ee299d728c4eb5ee2775958ba9a) Importer(815301076,1909f56bfc062723c751e8b465ee728b)  -> (artifact id: '3fde337677cbbba37b1dc3f444b67350') in 0.002949 seconds
  Import took 0.004866 seconds .

========================================================================
Received Import Request.
  Time since last request: 0.051311 seconds.
  path: Assets/DigitalKonstrukt/Prototyping_Pack_Free/Demo/New Terrain 1.asset
  artifactKey: Guid(100162f69dfa99f4a9114658ab5543df) Importer(815301076,1909f56bfc062723c751e8b465ee728b)
Start importing Assets/DigitalKonstrukt/Prototyping_Pack_Free/Demo/New Terrain 1.asset using Guid(100162f69dfa99f4a9114658ab5543df) Importer(815301076,1909f56bfc062723c751e8b465ee728b)  -> (artifact id: '93f090cbeec77bc1da930bb6146208b2') in 0.195832 seconds
  Import took 0.198156 seconds .

========================================================================
Received Import Request.
  Time since last request: 1.033964 seconds.
  path: Assets/DigitalKonstrukt/Prototyping_Pack_Free/Demo/Demo
  artifactKey: Guid(2f8a9567cef5bd8418e95e9b2bf2c706) Importer(815301076,1909f56bfc062723c751e8b465ee728b)
Start importing Assets/DigitalKonstrukt/Prototyping_Pack_Free/Demo/Demo using Guid(2f8a9567cef5bd8418e95e9b2bf2c706) Importer(815301076,1909f56bfc062723c751e8b465ee728b)  -> (artifact id: '63a60f73222f95dd1613cced03db345f') in 0.002399 seconds
  Import took 0.004493 seconds .

========================================================================
Received Import Request.
  Time since last request: 0.075314 seconds.
  path: Assets/DigitalKonstrukt/Prototyping_Pack_Free/Demo/Demo/LightingData.asset
  artifactKey: Guid(63e7f6cb6d36c114b8ed3f8a0abc6f87) Importer(815301076,1909f56bfc062723c751e8b465ee728b)
Start importing Assets/DigitalKonstrukt/Prototyping_Pack_Free/Demo/Demo/LightingData.asset using Guid(63e7f6cb6d36c114b8ed3f8a0abc6f87) Importer(815301076,1909f56bfc062723c751e8b465ee728b) Lighting data asset ‘LightingData’ is inconsistent because 8 files out of 40 are missing.  Please use Generate Lighting to rebuild the lighting data.

Lighting data asset ‘LightingData’ is incompatible with the current Unity version. Please use Generate Lighting to rebuild the lighting data.  Realtime Global Illumination cannot be used until the lighting data is rebuilt.

 -> (artifact id: '09b2006d494c51e73287f51a5b5d9738') in 0.025607 seconds
  Import took 0.027782 seconds .

========================================================================
Received Import Request.
  Time since last request: 0.000227 seconds.
  path: Assets/DigitalKonstrukt/Prototyping_Pack_Free/Demo/Demo/ReflectionProbe-0.exr
  artifactKey: Guid(6f58db0d05237bd4d9b66678eee81f19) Importer(815301076,1909f56bfc062723c751e8b465ee728b)
Start importing Assets/DigitalKonstrukt/Prototyping_Pack_Free/Demo/Demo/ReflectionProbe-0.exr using Guid(6f58db0d05237bd4d9b66678eee81f19) Importer(815301076,1909f56bfc062723c751e8b465ee728b)  -> (artifact id: '440ab290f09ef6d9794e33a3b6d5baae') in 0.082973 seconds
  Import took 0.085160 seconds .

========================================================================
Received Import Request.
  Time since last request: 5.210581 seconds.
  path: Assets/DigitalKonstrukt/Prototyping_Pack_Free/Resources/Prefabs
  artifactKey: Guid(2db27146764ff844aa1e335ac9a938ff) Importer(815301076,1909f56bfc062723c751e8b465ee728b)
Start importing Assets/DigitalKonstrukt/Prototyping_Pack_Free/Resources/Prefabs using Guid(2db27146764ff844aa1e335ac9a938ff) Importer(815301076,1909f56bfc062723c751e8b465ee728b)  -> (artifact id: '403f7ce975eba5345e5f95a990685d59') in 0.008781 seconds
  Import took 0.011020 seconds .

========================================================================
Received Import Request.
  Time since last request: 0.071939 seconds.
  path: Assets/DigitalKonstrukt/Prototyping_Pack_Free/Resources/Prefabs/PTK_Tunnel.prefab
  artifactKey: Guid(fec82ffc1d9b9a54b9d7815dc89c9b67) Importer(815301076,1909f56bfc062723c751e8b465ee728b)
Start importing Assets/DigitalKonstrukt/Prototyping_Pack_Free/Resources/Prefabs/PTK_Tunnel.prefab using Guid(fec82ffc1d9b9a54b9d7815dc89c9b67) Importer(815301076,1909f56bfc062723c751e8b465ee728b)  -> (artifact id: '44a98c92f92ec9c59f483a8b62c942a0') in 0.015059 seconds
  Import took 0.017318 seconds .

========================================================================
Received Import Request.
  Time since last request: 4.488897 seconds.
  path: Assets/DigitalKonstrukt/Prototyping_Pack_Free/Resources/Prefabs/Ramps
  artifactKey: Guid(5c4d31336c634ad4a8994389ee868e65) Importer(815301076,1909f56bfc062723c751e8b465ee728b)
Start importing Assets/DigitalKonstrukt/Prototyping_Pack_Free/Resources/Prefabs/Ramps using Guid(5c4d31336c634ad4a8994389ee868e65) Importer(815301076,1909f56bfc062723c751e8b465ee728b)  -> (artifact id: '4699483a6b9ff85143dfafc2a29fc33d') in 0.008499 seconds
  Import took 0.010682 seconds .

========================================================================
Received Import Request.
  Time since last request: 0.000336 seconds.
  path: Assets/DigitalKonstrukt/Prototyping_Pack_Free/Resources/Prefabs/Ramps
  artifactKey: Guid(5c4d31336c634ad4a8994389ee868e65) Importer(815301076,1909f56bfc062723c751e8b465ee728b)
Start importing Assets/DigitalKonstrukt/Prototyping_Pack_Free/Resources/Prefabs/Ramps using Guid(5c4d31336c634ad4a8994389ee868e65) Importer(815301076,1909f56bfc062723c751e8b465ee728b)  -> (artifact id: '4699483a6b9ff85143dfafc2a29fc33d') in 0.002408 seconds
  Import took 0.004629 seconds .

========================================================================
Received Import Request.
  Time since last request: 0.066612 seconds.
  path: Assets/DigitalKonstrukt/Prototyping_Pack_Free/Resources/Prefabs/Ramps/PTK_Ramp_Large.prefab
  artifactKey: Guid(a523b2a222cd33041a9851edfed862dd) Importer(815301076,1909f56bfc062723c751e8b465ee728b)
Start importing Assets/DigitalKonstrukt/Prototyping_Pack_Free/Resources/Prefabs/Ramps/PTK_Ramp_Large.prefab using Guid(a523b2a222cd33041a9851edfed862dd) Importer(815301076,1909f56bfc062723c751e8b465ee728b)  -> (artifact id: '9437beb223d2c3b127227e4d81650e85') in 0.021856 seconds
  Import took 0.024392 seconds .

========================================================================
Received Import Request.
  Time since last request: 0.000162 seconds.
  path: Assets/DigitalKonstrukt/Prototyping_Pack_Free/Resources/Prefabs/Ramps/PTK_Ramp_Small.prefab
  artifactKey: Guid(39aeb83d96ac82246bf5c092137070cb) Importer(815301076,1909f56bfc062723c751e8b465ee728b)
Start importing Assets/DigitalKonstrukt/Prototyping_Pack_Free/Resources/Prefabs/Ramps/PTK_Ramp_Small.prefab using Guid(39aeb83d96ac82246bf5c092137070cb) Importer(815301076,1909f56bfc062723c751e8b465ee728b)  -> (artifact id: '30799e6fa22f76c0bbe90ec529750781') in 0.014731 seconds
  Import took 0.016831 seconds .

========================================================================
Received Import Request.
  Time since last request: 0.000170 seconds.
  path: Assets/DigitalKonstrukt/Prototyping_Pack_Free/Resources/Prefabs/Ramps/PTK_Ramp_Medium.prefab
  artifactKey: Guid(47e679cbed6a2d34285382aaeb83a951) Importer(815301076,1909f56bfc062723c751e8b465ee728b)
Start importing Assets/DigitalKonstrukt/Prototyping_Pack_Free/Resources/Prefabs/Ramps/PTK_Ramp_Medium.prefab using Guid(47e679cbed6a2d34285382aaeb83a951) Importer(815301076,1909f56bfc062723c751e8b465ee728b)  -> (artifact id: '13cad8c2a8a520d35289d6cbc40beb2e') in 0.013202 seconds
  Import took 0.015420 seconds .

========================================================================
Received Import Request.
  Time since last request: 5.241734 seconds.
  path: Assets/DigitalKonstrukt/Prototyping_Pack_Free/Resources/Prefabs/Bridges/PTK_Bridge_Large.prefab
  artifactKey: Guid(a128392620f2b0e4c940a2391ed8da3e) Importer(815301076,1909f56bfc062723c751e8b465ee728b)
Start importing Assets/DigitalKonstrukt/Prototyping_Pack_Free/Resources/Prefabs/Bridges/PTK_Bridge_Large.prefab using Guid(a128392620f2b0e4c940a2391ed8da3e) Importer(815301076,1909f56bfc062723c751e8b465ee728b)  -> (artifact id: 'b62eb54f680b8feb1909d033c84c7fe0') in 0.014187 seconds
  Import took 0.016532 seconds .

========================================================================
Received Import Request.
  Time since last request: 0.000270 seconds.
  path: Assets/DigitalKonstrukt/Prototyping_Pack_Free/Resources/Prefabs/Bridges/PTK_Bridge_Small.prefab
  artifactKey: Guid(3a06599b558a48449b83202f7d654300) Importer(815301076,1909f56bfc062723c751e8b465ee728b)
Start importing Assets/DigitalKonstrukt/Prototyping_Pack_Free/Resources/Prefabs/Bridges/PTK_Bridge_Small.prefab using Guid(3a06599b558a48449b83202f7d654300) Importer(815301076,1909f56bfc062723c751e8b465ee728b)  -> (artifact id: '14ff4a74c67a4cb42f266a3a171fa305') in 0.014435 seconds
  Import took 0.016798 seconds .

========================================================================
Received Import Request.
  Time since last request: 0.000198 seconds.
  path: Assets/DigitalKonstrukt/Prototyping_Pack_Free/Resources/Prefabs/Bridges/PTK_Bridge_Medium.prefab
  artifactKey: Guid(00f60f742cf562d458751248bfefdcd7) Importer(815301076,1909f56bfc062723c751e8b465ee728b)
Start importing Assets/DigitalKonstrukt/Prototyping_Pack_Free/Resources/Prefabs/Bridges/PTK_Bridge_Medium.prefab using Guid(00f60f742cf562d458751248bfefdcd7) Importer(815301076,1909f56bfc062723c751e8b465ee728b)  -> (artifact id: 'eabd26d27eb7d523e57b30425ca0ce80') in 0.014913 seconds
  Import took 0.017140 seconds .

========================================================================
Received Import Request.
  Time since last request: 1.269483 seconds.
  path: Assets/DigitalKonstrukt/Prototyping_Pack_Free/Resources/Prefabs/Collectables/PTK_Collectable_1_blue.prefab
  artifactKey: Guid(1f5d98c5ba034a846bb35ff27e18823c) Importer(815301076,1909f56bfc062723c751e8b465ee728b)
Start importing Assets/DigitalKonstrukt/Prototyping_Pack_Free/Resources/Prefabs/Collectables/PTK_Collectable_1_blue.prefab using Guid(1f5d98c5ba034a846bb35ff27e18823c) Importer(815301076,1909f56bfc062723c751e8b465ee728b)  -> (artifact id: 'b00fc6853ad4fde2e91518ea9b967a05') in 0.144831 seconds
  Import took 0.147187 seconds .

========================================================================
Received Import Request.
  Time since last request: 0.000172 seconds.
  path: Assets/DigitalKonstrukt/Prototyping_Pack_Free/Resources/Prefabs/Collectables/PTK_Collectable_2_red.prefab
  artifactKey: Guid(9b0953cc164fd0f4ebcbd07e281f258a) Importer(815301076,1909f56bfc062723c751e8b465ee728b)
Start importing Assets/DigitalKonstrukt/Prototyping_Pack_Free/Resources/Prefabs/Collectables/PTK_Collectable_2_red.prefab using Guid(9b0953cc164fd0f4ebcbd07e281f258a) Importer(815301076,1909f56bfc062723c751e8b465ee728b)  -> (artifact id: '7ce487f20b10fb37435f58ccac7c9f6e') in 0.013429 seconds
  Import took 0.015395 seconds .

========================================================================
Received Import Request.
  Time since last request: 0.000208 seconds.
  path: Assets/DigitalKonstrukt/Prototyping_Pack_Free/Resources/Prefabs/Collectables/PTK_Collectable_2_blue.prefab
  artifactKey: Guid(862bcb9ece6e0994f8868d4d6af41ffb) Importer(815301076,1909f56bfc062723c751e8b465ee728b)
Start importing Assets/DigitalKonstrukt/Prototyping_Pack_Free/Resources/Prefabs/Collectables/PTK_Collectable_2_blue.prefab using Guid(862bcb9ece6e0994f8868d4d6af41ffb) Importer(815301076,1909f56bfc062723c751e8b465ee728b)  -> (artifact id: '8407f9cd48cf85b5f815daac09e60e43') in 0.012856 seconds
  Import took 0.014918 seconds .

========================================================================
Received Import Request.
  Time since last request: 0.000216 seconds.
  path: Assets/DigitalKonstrukt/Prototyping_Pack_Free/Resources/Prefabs/Collectables/PTK_Collectable_1_green.prefab
  artifactKey: Guid(17d2571d67fb94a47a33e65ff8c88d3c) Importer(815301076,1909f56bfc062723c751e8b465ee728b)
Start importing Assets/DigitalKonstrukt/Prototyping_Pack_Free/Resources/Prefabs/Collectables/PTK_Collectable_1_green.prefab using Guid(17d2571d67fb94a47a33e65ff8c88d3c) Importer(815301076,1909f56bfc062723c751e8b465ee728b)  -> (artifact id: 'f54f566312de6d743a959c70e0423f1f') in 0.014159 seconds
  Import took 0.016315 seconds .

========================================================================
Received Import Request.
  Time since last request: 0.000187 seconds.
  path: Assets/DigitalKonstrukt/Prototyping_Pack_Free/Resources/Prefabs/Collectables/PTK_Collectable_2_green.prefab
  artifactKey: Guid(33512a55346f56e4090c2acdc8fe4d78) Importer(815301076,1909f56bfc062723c751e8b465ee728b)
Start importing Assets/DigitalKonstrukt/Prototyping_Pack_Free/Resources/Prefabs/Collectables/PTK_Collectable_2_green.prefab using Guid(33512a55346f56e4090c2acdc8fe4d78) Importer(815301076,1909f56bfc062723c751e8b465ee728b)  -> (artifact id: 'fae04cc90932ca936025c07270742dd8') in 0.013736 seconds
  Import took 0.015743 seconds .

========================================================================
Received Import Request.
  Time since last request: 0.000222 seconds.
  path: Assets/DigitalKonstrukt/Prototyping_Pack_Free/Resources/Prefabs/Collectables/PTK_Collectable_1_red.prefab
  artifactKey: Guid(70e177edaef3e0c4e8b3eb1bdc204afc) Importer(815301076,1909f56bfc062723c751e8b465ee728b)
Start importing Assets/DigitalKonstrukt/Prototyping_Pack_Free/Resources/Prefabs/Collectables/PTK_Collectable_1_red.prefab using Guid(70e177edaef3e0c4e8b3eb1bdc204afc) Importer(815301076,1909f56bfc062723c751e8b465ee728b)  -> (artifact id: '29c16724e1c1a3bd076e1e18c27f34d4') in 0.013298 seconds
  Import took 0.015331 seconds .

========================================================================
Received Import Request.
  Time since last request: 0.216484 seconds.
  path: Assets/DigitalKonstrukt/Prototyping_Pack_Free/Resources/Prefabs/Columns/PTK_Column_Edge_Large.prefab
  artifactKey: Guid(83f5d0749a6f6724fa31905af7db0670) Importer(815301076,1909f56bfc062723c751e8b465ee728b)
Start importing Assets/DigitalKonstrukt/Prototyping_Pack_Free/Resources/Prefabs/Columns/PTK_Column_Edge_Large.prefab using Guid(83f5d0749a6f6724fa31905af7db0670) Importer(815301076,1909f56bfc062723c751e8b465ee728b)  -> (artifact id: 'c7593c151189aefeecfe4a3e70756f13') in 0.012845 seconds
  Import took 0.015181 seconds .

========================================================================
Received Import Request.
  Time since last request: 0.000190 seconds.
  path: Assets/DigitalKonstrukt/Prototyping_Pack_Free/Resources/Prefabs/Columns/PTK_Column_Small.prefab
  artifactKey: Guid(ca2d20238ddb6b84396d108c5968cb3f) Importer(815301076,1909f56bfc062723c751e8b465ee728b)
Start importing Assets/DigitalKonstrukt/Prototyping_Pack_Free/Resources/Prefabs/Columns/PTK_Column_Small.prefab using Guid(ca2d20238ddb6b84396d108c5968cb3f) Importer(815301076,1909f56bfc062723c751e8b465ee728b)  -> (artifact id: '8e2eede288bf4c87db89a3fde2843255') in 0.015233 seconds
  Import took 0.017358 seconds .

========================================================================
Received Import Request.
  Time since last request: 0.000189 seconds.
  path: Assets/DigitalKonstrukt/Prototyping_Pack_Free/Resources/Prefabs/Columns/PTK_Column_Medium.prefab
  artifactKey: Guid(fef78b03d45010a47bf4d11bd5dd5dea) Importer(815301076,1909f56bfc062723c751e8b465ee728b)
Start importing Assets/DigitalKonstrukt/Prototyping_Pack_Free/Resources/Prefabs/Columns/PTK_Column_Medium.prefab using Guid(fef78b03d45010a47bf4d11bd5dd5dea) Importer(815301076,1909f56bfc062723c751e8b465ee728b)  -> (artifact id: 'bc8a32c3f94b717eb892521e335a8766') in 0.015444 seconds
  Import took 0.017514 seconds .

========================================================================
Received Import Request.
  Time since last request: 0.000236 seconds.
  path: Assets/DigitalKonstrukt/Prototyping_Pack_Free/Resources/Prefabs/Columns/PTK_Column_Edge_Medium.prefab
  artifactKey: Guid(6f54d38fec5e41e4989c1967e0752c1c) Importer(815301076,1909f56bfc062723c751e8b465ee728b)
Start importing Assets/DigitalKonstrukt/Prototyping_Pack_Free/Resources/Prefabs/Columns/PTK_Column_Edge_Medium.prefab using Guid(6f54d38fec5e41e4989c1967e0752c1c) Importer(815301076,1909f56bfc062723c751e8b465ee728b)  -> (artifact id: '22c27f29f338adbcacae38fe3367b543') in 0.012995 seconds
  Import took 0.015348 seconds .

========================================================================
Received Import Request.
  Time since last request: 0.000205 seconds.
  path: Assets/DigitalKonstrukt/Prototyping_Pack_Free/Resources/Prefabs/Columns/PTK_Column_Edge_Small.prefab
  artifactKey: Guid(47165549cd9765e4d9229b174852972b) Importer(815301076,1909f56bfc062723c751e8b465ee728b)
Start importing Assets/DigitalKonstrukt/Prototyping_Pack_Free/Resources/Prefabs/Columns/PTK_Column_Edge_Small.prefab using Guid(47165549cd9765e4d9229b174852972b) Importer(815301076,1909f56bfc062723c751e8b465ee728b)  -> (artifact id: '483cb1bda681129fb73e05c55ef3ea8e') in 0.013239 seconds
  Import took 0.015811 seconds .

========================================================================
Received Import Request.
  Time since last request: 0.000187 seconds.
  path: Assets/DigitalKonstrukt/Prototyping_Pack_Free/Resources/Prefabs/Columns/PTK_Column_Large.prefab
  artifactKey: Guid(4533eb7e49bd8624ca88dfc1c9cef998) Importer(815301076,1909f56bfc062723c751e8b465ee728b)
Start importing Assets/DigitalKonstrukt/Prototyping_Pack_Free/Resources/Prefabs/Columns/PTK_Column_Large.prefab using Guid(4533eb7e49bd8624ca88dfc1c9cef998) Importer(815301076,1909f56bfc062723c751e8b465ee728b)  -> (artifact id: '20536d48f721c61634a584287744a27d') in 0.014080 seconds
  Import took 0.016119 seconds .

========================================================================
Received Import Request.
  Time since last request: 1.417187 seconds.
  path: Assets/DigitalKonstrukt/Prototyping_Pack_Free/Resources/Prefabs/Containers/PTK_Chest.prefab
  artifactKey: Guid(d2b2bc861ac63fc48a394d85d73dbc87) Importer(815301076,1909f56bfc062723c751e8b465ee728b)
Start importing Assets/DigitalKonstrukt/Prototyping_Pack_Free/Resources/Prefabs/Containers/PTK_Chest.prefab using Guid(d2b2bc861ac63fc48a394d85d73dbc87) Importer(815301076,1909f56bfc062723c751e8b465ee728b)  -> (artifact id: '6187369d80f402540e91a89313587d52') in 0.015645 seconds
  Import took 0.018031 seconds .

========================================================================
Received Import Request.
  Time since last request: 0.000174 seconds.
  path: Assets/DigitalKonstrukt/Prototyping_Pack_Free/Resources/Prefabs/Containers/PTK_Pool.prefab
  artifactKey: Guid(eb5e01ca629f1894186ffde0ed28d33d) Importer(815301076,1909f56bfc062723c751e8b465ee728b)
Start importing Assets/DigitalKonstrukt/Prototyping_Pack_Free/Resources/Prefabs/Containers/PTK_Pool.prefab using Guid(eb5e01ca629f1894186ffde0ed28d33d) Importer(815301076,1909f56bfc062723c751e8b465ee728b)  -> (artifact id: 'a90819fdf51650a318ef35058af4bb7b') in 0.013763 seconds
  Import took 0.015844 seconds .

========================================================================
Received Import Request.
  Time since last request: 0.524375 seconds.
  path: Assets/DigitalKonstrukt/Prototyping_Pack_Free/Resources/Prefabs/Cubes/PTK_Cube_1.prefab
  artifactKey: Guid(b471d26a5eac87b4086c90c7c0b76f4e) Importer(815301076,1909f56bfc062723c751e8b465ee728b)
Start importing Assets/DigitalKonstrukt/Prototyping_Pack_Free/Resources/Prefabs/Cubes/PTK_Cube_1.prefab using Guid(b471d26a5eac87b4086c90c7c0b76f4e) Importer(815301076,1909f56bfc062723c751e8b465ee728b)  -> (artifact id: '22979c1a1c607e86d1b3f6b0d9397c36') in 0.012810 seconds
  Import took 0.015139 seconds .

========================================================================
Received Import Request.
  Time since last request: 0.000177 seconds.
  path: Assets/DigitalKonstrukt/Prototyping_Pack_Free/Resources/Prefabs/Cubes/PTK_Cube_2.prefab
  artifactKey: Guid(886758c00f5412747bef0c21f6f30418) Importer(815301076,1909f56bfc062723c751e8b465ee728b)
Start importing Assets/DigitalKonstrukt/Prototyping_Pack_Free/Resources/Prefabs/Cubes/PTK_Cube_2.prefab using Guid(886758c00f5412747bef0c21f6f30418) Importer(815301076,1909f56bfc062723c751e8b465ee728b)  -> (artifact id: 'dc740efbc82d85c1b2bbdd8ffdd14519') in 0.012908 seconds
  Import took 0.015076 seconds .

========================================================================
Received Import Request.
  Time since last request: 0.004024 seconds.
  path: Assets/DigitalKonstrukt/Prototyping_Pack_Free/Resources/Prefabs/Cubes/PTK_Cube_2.prefab
  artifactKey: Guid(886758c00f5412747bef0c21f6f30418) Importer(815301076,1909f56bfc062723c751e8b465ee728b)
Start importing Assets/DigitalKonstrukt/Prototyping_Pack_Free/Resources/Prefabs/Cubes/PTK_Cube_2.prefab using Guid(886758c00f5412747bef0c21f6f30418) Importer(815301076,1909f56bfc062723c751e8b465ee728b)  -> (artifact id: 'dc740efbc82d85c1b2bbdd8ffdd14519') in 0.008742 seconds
  Import took 0.011030 seconds .

========================================================================
Received Import Request.
  Time since last request: 0.813359 seconds.
  path: Assets/DigitalKonstrukt/Prototyping_Pack_Free/Resources/Prefabs/Cuboids/PTK_Cuboid_1.prefab
  artifactKey: Guid(88ccea9d275542b47a02cf9575d5864b) Importer(815301076,1909f56bfc062723c751e8b465ee728b)
Start importing Assets/DigitalKonstrukt/Prototyping_Pack_Free/Resources/Prefabs/Cuboids/PTK_Cuboid_1.prefab using Guid(88ccea9d275542b47a02cf9575d5864b) Importer(815301076,1909f56bfc062723c751e8b465ee728b)  -> (artifact id: '945d9a31f59ece4c08c6652143e2abc2') in 0.013453 seconds
  Import took 0.015785 seconds .

========================================================================
Received Import Request.
  Time since last request: 0.000255 seconds.
  path: Assets/DigitalKonstrukt/Prototyping_Pack_Free/Resources/Prefabs/Cuboids/PTK_Cuboid_3.prefab
  artifactKey: Guid(8b9239982e8f5194bae7e3df2b6cd9b0) Importer(815301076,1909f56bfc062723c751e8b465ee728b)
Start importing Assets/DigitalKonstrukt/Prototyping_Pack_Free/Resources/Prefabs/Cuboids/PTK_Cuboid_3.prefab using Guid(8b9239982e8f5194bae7e3df2b6cd9b0) Importer(815301076,1909f56bfc062723c751e8b465ee728b)  -> (artifact id: 'd76af462027e2df368dacb09bf027f0c') in 0.013096 seconds
  Import took 0.015396 seconds .

========================================================================
Received Import Request.
  Time since last request: 0.000210 seconds.
  path: Assets/DigitalKonstrukt/Prototyping_Pack_Free/Resources/Prefabs/Cuboids/PTK_Cuboid_4.prefab
  artifactKey: Guid(e4b89a8c642c433459cafbc9259c34a2) Importer(815301076,1909f56bfc062723c751e8b465ee728b)
Start importing Assets/DigitalKonstrukt/Prototyping_Pack_Free/Resources/Prefabs/Cuboids/PTK_Cuboid_4.prefab using Guid(e4b89a8c642c433459cafbc9259c34a2) Importer(815301076,1909f56bfc062723c751e8b465ee728b)  -> (artifact id: 'dc4fc8d4d6adf9210de4c9137fbdc00a') in 0.012778 seconds
  Import took 0.014784 seconds .

========================================================================
Received Import Request.
  Time since last request: 0.000196 seconds.
  path: Assets/DigitalKonstrukt/Prototyping_Pack_Free/Resources/Prefabs/Cuboids/PTK_Cuboid_2.prefab
  artifactKey: Guid(a0a3e96c331164f47b21f0d014593538) Importer(815301076,1909f56bfc062723c751e8b465ee728b)
Start importing Assets/DigitalKonstrukt/Prototyping_Pack_Free/Resources/Prefabs/Cuboids/PTK_Cuboid_2.prefab using Guid(a0a3e96c331164f47b21f0d014593538) Importer(815301076,1909f56bfc062723c751e8b465ee728b)  -> (artifact id: 'c148d6743d69dbaa84c2392fc280fa2a') in 0.014199 seconds
  Import took 0.016303 seconds .

========================================================================
Received Import Request.
  Time since last request: 0.000207 seconds.
  path: Assets/DigitalKonstrukt/Prototyping_Pack_Free/Resources/Prefabs/Cuboids/PTK_Cuboid_5.prefab
  artifactKey: Guid(db58b1eda8133c84983d20108c13888e) Importer(815301076,1909f56bfc062723c751e8b465ee728b)
Start importing Assets/DigitalKonstrukt/Prototyping_Pack_Free/Resources/Prefabs/Cuboids/PTK_Cuboid_5.prefab using Guid(db58b1eda8133c84983d20108c13888e) Importer(815301076,1909f56bfc062723c751e8b465ee728b)  -> (artifact id: 'c529f1cdd177f6559bad53f4e558fa55') in 0.014129 seconds
  Import took 0.016416 seconds .

========================================================================
Received Import Request.
  Time since last request: 0.543721 seconds.
  path: Assets/DigitalKonstrukt/Prototyping_Pack_Free/Resources/Prefabs/Doors/PTK_Door_Medium.prefab
  artifactKey: Guid(e00b871ebd4829a4b88fadc53d16e7a3) Importer(815301076,1909f56bfc062723c751e8b465ee728b)
Start importing Assets/DigitalKonstrukt/Prototyping_Pack_Free/Resources/Prefabs/Doors/PTK_Door_Medium.prefab using Guid(e00b871ebd4829a4b88fadc53d16e7a3) Importer(815301076,1909f56bfc062723c751e8b465ee728b)  -> (artifact id: 'aa878c30cccd331d236f23835a4b0e9e') in 0.013931 seconds
  Import took 0.016304 seconds .

========================================================================
Received Import Request.
  Time since last request: 0.000181 seconds.
  path: Assets/DigitalKonstrukt/Prototyping_Pack_Free/Resources/Prefabs/Doors/PTK_Tunnel_Large.prefab
  artifactKey: Guid(c398cfc035f69bc4a8ab3319e4447312) Importer(815301076,1909f56bfc062723c751e8b465ee728b)
Start importing Assets/DigitalKonstrukt/Prototyping_Pack_Free/Resources/Prefabs/Doors/PTK_Tunnel_Large.prefab using Guid(c398cfc035f69bc4a8ab3319e4447312) Importer(815301076,1909f56bfc062723c751e8b465ee728b)  -> (artifact id: '09410ea7422447ac885de5b5beb1e9f6') in 0.013753 seconds
  Import took 0.015823 seconds .

========================================================================
Received Import Request.
  Time since last request: 0.000231 seconds.
  path: Assets/DigitalKonstrukt/Prototyping_Pack_Free/Resources/Prefabs/Doors/PTK_Door_Medium_2.prefab
  artifactKey: Guid(a5050ce036dee2d4d9287249a1e60440) Importer(815301076,1909f56bfc062723c751e8b465ee728b)
Start importing Assets/DigitalKonstrukt/Prototyping_Pack_Free/Resources/Prefabs/Doors/PTK_Door_Medium_2.prefab using Guid(a5050ce036dee2d4d9287249a1e60440) Importer(815301076,1909f56bfc062723c751e8b465ee728b)  -> (artifact id: '509a39bbc98e7cffafe948a372568ceb') in 0.015570 seconds
  Import took 0.018004 seconds .

========================================================================
Received Import Request.
  Time since last request: 0.000240 seconds.
  path: Assets/DigitalKonstrukt/Prototyping_Pack_Free/Resources/Prefabs/Doors/PTK_Tunnel_Small.prefab
  artifactKey: Guid(2cb7661b98271204dbf90e6d93c1b70b) Importer(815301076,1909f56bfc062723c751e8b465ee728b)
Start importing Assets/DigitalKonstrukt/Prototyping_Pack_Free/Resources/Prefabs/Doors/PTK_Tunnel_Small.prefab using Guid(2cb7661b98271204dbf90e6d93c1b70b) Importer(815301076,1909f56bfc062723c751e8b465ee728b)  -> (artifact id: '2a68860083a012e6d4b5ade7e12c799c') in 0.013777 seconds
  Import took 0.016083 seconds .

========================================================================
Received Import Request.
  Time since last request: 0.000236 seconds.
  path: Assets/DigitalKonstrukt/Prototyping_Pack_Free/Resources/Prefabs/Doors/PTK_SlidingDoor_Large.prefab
  artifactKey: Guid(4ebc420b94c1c9f469d3c2e96b6fde3c) Importer(815301076,1909f56bfc062723c751e8b465ee728b)
Start importing Assets/DigitalKonstrukt/Prototyping_Pack_Free/Resources/Prefabs/Doors/PTK_SlidingDoor_Large.prefab using Guid(4ebc420b94c1c9f469d3c2e96b6fde3c) Importer(815301076,1909f56bfc062723c751e8b465ee728b)  -> (artifact id: '0cbb9e3a7a09a25543d1806cc07cdb69') in 0.016230 seconds
  Import took 0.018293 seconds .

========================================================================
Received Import Request.
  Time since last request: 0.000181 seconds.
  path: Assets/DigitalKonstrukt/Prototyping_Pack_Free/Resources/Prefabs/Doors/PTK_RevolvingDoor_Medium.prefab
  artifactKey: Guid(3bcc3dc18bef033409311ba29d2ac636) Importer(815301076,1909f56bfc062723c751e8b465ee728b)
Start importing Assets/DigitalKonstrukt/Prototyping_Pack_Free/Resources/Prefabs/Doors/PTK_RevolvingDoor_Medium.prefab using Guid(3bcc3dc18bef033409311ba29d2ac636) Importer(815301076,1909f56bfc062723c751e8b465ee728b)  -> (artifact id: '0acb8d71a92379e987ba4ad4515b3a58') in 0.016509 seconds
  Import took 0.018561 seconds .

========================================================================
Received Import Request.
  Time since last request: 0.000241 seconds.
  path: Assets/DigitalKonstrukt/Prototyping_Pack_Free/Resources/Prefabs/Doors/PTK_SlidingDoor_Medium.prefab
  artifactKey: Guid(ac779bc565776984f9a36525fed5d192) Importer(815301076,1909f56bfc062723c751e8b465ee728b)
Start importing Assets/DigitalKonstrukt/Prototyping_Pack_Free/Resources/Prefabs/Doors/PTK_SlidingDoor_Medium.prefab using Guid(ac779bc565776984f9a36525fed5d192) Importer(815301076,1909f56bfc062723c751e8b465ee728b)  -> (artifact id: '9b7d9e531f576a834c785cb9e46df18e') in 0.016385 seconds
  Import took 0.019232 seconds .

========================================================================
Received Import Request.
  Time since last request: 0.000234 seconds.
  path: Assets/DigitalKonstrukt/Prototyping_Pack_Free/Resources/Prefabs/Doors/PTK_DoubleDoor_Medium.prefab
  artifactKey: Guid(588182d91cae74549ae2bc9f699308d7) Importer(815301076,1909f56bfc062723c751e8b465ee728b)
Start importing Assets/DigitalKonstrukt/Prototyping_Pack_Free/Resources/Prefabs/Doors/PTK_DoubleDoor_Medium.prefab using Guid(588182d91cae74549ae2bc9f699308d7) Importer(815301076,1909f56bfc062723c751e8b465ee728b)  -> (artifact id: '19940abff234619bb23b1aa0a971a079') in 0.015918 seconds
  Import took 0.018300 seconds .

========================================================================
Received Import Request.
  Time since last request: 0.000205 seconds.
  path: Assets/DigitalKonstrukt/Prototyping_Pack_Free/Resources/Prefabs/Doors/PTK_Tunnel_Medium.prefab
  artifactKey: Guid(1c4de98541e69804d81273f99690b9fa) Importer(815301076,1909f56bfc062723c751e8b465ee728b)
Start importing Assets/DigitalKonstrukt/Prototyping_Pack_Free/Resources/Prefabs/Doors/PTK_Tunnel_Medium.prefab using Guid(1c4de98541e69804d81273f99690b9fa) Importer(815301076,1909f56bfc062723c751e8b465ee728b)  -> (artifact id: '57833bb6cd6624dcc728a3e4008a8dec') in 0.013649 seconds
  Import took 0.015731 seconds .

========================================================================
Received Import Request.
  Time since last request: 0.000199 seconds.
  path: Assets/DigitalKonstrukt/Prototyping_Pack_Free/Resources/Prefabs/Doors/PTK_DoubleDoor_Medium.prefab
  artifactKey: Guid(588182d91cae74549ae2bc9f699308d7) Importer(815301076,1909f56bfc062723c751e8b465ee728b)
Start importing Assets/DigitalKonstrukt/Prototyping_Pack_Free/Resources/Prefabs/Doors/PTK_DoubleDoor_Medium.prefab using Guid(588182d91cae74549ae2bc9f699308d7) Importer(815301076,1909f56bfc062723c751e8b465ee728b)  -> (artifact id: '19940abff234619bb23b1aa0a971a079') in 0.013759 seconds
  Import took 0.015873 seconds .

========================================================================
Received Import Request.
  Time since last request: 0.000238 seconds.
  path: Assets/DigitalKonstrukt/Prototyping_Pack_Free/Resources/Prefabs/Doors/PTK_Tunnel_Medium.prefab
  artifactKey: Guid(1c4de98541e69804d81273f99690b9fa) Importer(815301076,1909f56bfc062723c751e8b465ee728b)
Start importing Assets/DigitalKonstrukt/Prototyping_Pack_Free/Resources/Prefabs/Doors/PTK_Tunnel_Medium.prefab using Guid(1c4de98541e69804d81273f99690b9fa) Importer(815301076,1909f56bfc062723c751e8b465ee728b)  -> (artifact id: '57833bb6cd6624dcc728a3e4008a8dec') in 0.009864 seconds
  Import took 0.012106 seconds .

========================================================================
Received Prepare
Registering precompiled user dll's ...
Registered in 0.000846 seconds.
Begin MonoManager ReloadAssembly
Native extension for WindowsStandalone target not found
Refreshing native plugins compatible for Editor in 0.25 ms, found 0 plugins.
Preloading 0 native plugins for Editor in 0.00 ms.
Invoked RoslynAnalysisRunner static constructor.
RoslynAnalysisRunner will not be running.
RoslynAnalysisRunner has terminated.
Mono: successfully reloaded assembly
- Completed reload, in  0.996 seconds
Platform modules already initialized, skipping
Refreshing native plugins compatible for Editor in 0.34 ms, found 0 plugins.
Preloading 0 native plugins for Editor in 0.00 ms.
Unloading 1098 Unused Serialized files (Serialized files now loaded: 0)
System memory in use before: 143.3 MB.
System memory in use after: 143.3 MB.

Unloading 5 unused Assets to reduce memory usage. Loaded Objects now: 1596.
Total: 1.834300 ms (FindLiveObjects: 0.178800 ms CreateObjectMapping: 0.031900 ms MarkObjects: 1.556300 ms  DeleteObjects: 0.065900 ms)

========================================================================
Received Prepare
Registering precompiled user dll's ...
Registered in 0.000833 seconds.
Begin MonoManager ReloadAssembly
Native extension for WindowsStandalone target not found
Refreshing native plugins compatible for Editor in 0.26 ms, found 0 plugins.
Preloading 0 native plugins for Editor in 0.00 ms.
Invoked RoslynAnalysisRunner static constructor.
RoslynAnalysisRunner will not be running.
RoslynAnalysisRunner has terminated.
Mono: successfully reloaded assembly
- Completed reload, in  0.938 seconds
Platform modules already initialized, skipping
Refreshing native plugins compatible for Editor in 0.25 ms, found 0 plugins.
Preloading 0 native plugins for Editor in 0.00 ms.
Unloading 1098 Unused Serialized files (Serialized files now loaded: 0)
System memory in use before: 143.3 MB.
System memory in use after: 143.4 MB.

Unloading 5 unused Assets to reduce memory usage. Loaded Objects now: 1598.
Total: 2.216800 ms (FindLiveObjects: 0.174800 ms CreateObjectMapping: 0.034900 ms MarkObjects: 1.944700 ms  DeleteObjects: 0.061100 ms)

========================================================================
Received Prepare
Registering precompiled user dll's ...
Registered in 0.000860 seconds.
Begin MonoManager ReloadAssembly
Native extension for WindowsStandalone target not found
Refreshing native plugins compatible for Editor in 0.26 ms, found 0 plugins.
Preloading 0 native plugins for Editor in 0.00 ms.
Invoked RoslynAnalysisRunner static constructor.
RoslynAnalysisRunner will not be running.
RoslynAnalysisRunner has terminated.
Mono: successfully reloaded assembly
- Completed reload, in  0.927 seconds
Platform modules already initialized, skipping
Refreshing native plugins compatible for Editor in 0.25 ms, found 0 plugins.
Preloading 0 native plugins for Editor in 0.00 ms.
Unloading 1098 Unused Serialized files (Serialized files now loaded: 0)
System memory in use before: 143.3 MB.
System memory in use after: 143.4 MB.

Unloading 5 unused Assets to reduce memory usage. Loaded Objects now: 1600.
Total: 1.984500 ms (FindLiveObjects: 0.184500 ms CreateObjectMapping: 0.034100 ms MarkObjects: 1.700100 ms  DeleteObjects: 0.064300 ms)

========================================================================
Received Import Request.
  Time since last request: 1941.923822 seconds.
  path: Assets/Materials/New Material 3.mat
  artifactKey: Guid(818c9d4346ef7a348bad7e1cc414b43f) Importer(815301076,1909f56bfc062723c751e8b465ee728b)
Start importing Assets/Materials/New Material 3.mat using Guid(818c9d4346ef7a348bad7e1cc414b43f) Importer(815301076,1909f56bfc062723c751e8b465ee728b)  -> (artifact id: '7332015c6e1c1f071b32b27744a75a34') in 0.083570 seconds
  Import took 0.086164 seconds .

========================================================================
Received Import Request.
  Time since last request: 0.003375 seconds.
  path: Assets/Materials/New Material 3.mat
  artifactKey: Guid(818c9d4346ef7a348bad7e1cc414b43f) Importer(815301076,1909f56bfc062723c751e8b465ee728b)
Start importing Assets/Materials/New Material 3.mat using Guid(818c9d4346ef7a348bad7e1cc414b43f) Importer(815301076,1909f56bfc062723c751e8b465ee728b)  -> (artifact id: '7332015c6e1c1f071b32b27744a75a34') in 0.014860 seconds
  Import took 0.016995 seconds .

========================================================================
Received Import Request.
  Time since last request: 162.453167 seconds.
  path: Assets/Scripts/CamFollow.cs
  artifactKey: Guid(a89c90960a3eb7c4eb5902ba8c30124f) Importer(815301076,1909f56bfc062723c751e8b465ee728b)
Start importing Assets/Scripts/CamFollow.cs using Guid(a89c90960a3eb7c4eb5902ba8c30124f) Importer(815301076,1909f56bfc062723c751e8b465ee728b)  -> (artifact id: '3cb8d9888fc38dc92473e0ffdb73d519') in 0.120154 seconds
  Import took 0.122916 seconds .

========================================================================
Received Prepare
Registering precompiled user dll's ...
Registered in 0.000991 seconds.
Begin MonoManager ReloadAssembly
Native extension for WindowsStandalone target not found
Refreshing native plugins compatible for Editor in 0.25 ms, found 0 plugins.
Preloading 0 native plugins for Editor in 0.00 ms.
Invoked RoslynAnalysisRunner static constructor.
RoslynAnalysisRunner will not be running.
RoslynAnalysisRunner has terminated.
Mono: successfully reloaded assembly
- Completed reload, in  0.941 seconds
Platform modules already initialized, skipping
Refreshing native plugins compatible for Editor in 0.28 ms, found 0 plugins.
Preloading 0 native plugins for Editor in 0.00 ms.
Unloading 1098 Unused Serialized files (Serialized files now loaded: 0)
System memory in use before: 143.4 MB.
System memory in use after: 143.4 MB.

Unloading 5 unused Assets to reduce memory usage. Loaded Objects now: 1613.
Total: 2.094000 ms (FindLiveObjects: 0.197200 ms CreateObjectMapping: 0.033400 ms MarkObjects: 1.794000 ms  DeleteObjects: 0.068200 ms)

========================================================================
Received Import Request.
  Time since last request: 147.935620 seconds.
  path: Assets/Scripts/NewBehaviourScript.cs
  artifactKey: Guid(41acad15b6cef964ab8a9ab4835c0f66) Importer(815301076,1909f56bfc062723c751e8b465ee728b)
Start importing Assets/Scripts/NewBehaviourScript.cs using Guid(41acad15b6cef964ab8a9ab4835c0f66) Importer(815301076,1909f56bfc062723c751e8b465ee728b)  -> (artifact id: 'e7ed4b70c83756da1cf46a47355bc41a') in 0.011131 seconds
  Import took 0.013532 seconds .

========================================================================
Received Prepare
Registering precompiled user dll's ...
Registered in 0.000866 seconds.
Begin MonoManager ReloadAssembly
Native extension for WindowsStandalone target not found
Refreshing native plugins compatible for Editor in 0.26 ms, found 0 plugins.
Preloading 0 native plugins for Editor in 0.00 ms.
Invoked RoslynAnalysisRunner static constructor.
RoslynAnalysisRunner will not be running.
RoslynAnalysisRunner has terminated.
Mono: successfully reloaded assembly
- Completed reload, in  0.945 seconds
Platform modules already initialized, skipping
Refreshing native plugins compatible for Editor in 0.29 ms, found 0 plugins.
Preloading 0 native plugins for Editor in 0.00 ms.
Unloading 1099 Unused Serialized files (Serialized files now loaded: 0)
System memory in use before: 143.4 MB.
System memory in use after: 143.5 MB.

Unloading 5 unused Assets to reduce memory usage. Loaded Objects now: 1616.
Total: 1.996900 ms (FindLiveObjects: 0.171900 ms CreateObjectMapping: 0.038400 ms MarkObjects: 1.714000 ms  DeleteObjects: 0.071200 ms)

========================================================================
Received Prepare
Registering precompiled user dll's ...
Registered in 0.001447 seconds.
Begin MonoManager ReloadAssembly
Native extension for WindowsStandalone target not found
Refreshing native plugins compatible for Editor in 0.27 ms, found 0 plugins.
Preloading 0 native plugins for Editor in 0.00 ms.
Invoked RoslynAnalysisRunner static constructor.
RoslynAnalysisRunner will not be running.
RoslynAnalysisRunner has terminated.
Mono: successfully reloaded assembly
- Completed reload, in  0.921 seconds
Platform modules already initialized, skipping
Refreshing native plugins compatible for Editor in 0.25 ms, found 0 plugins.
Preloading 0 native plugins for Editor in 0.00 ms.
Unloading 1098 Unused Serialized files (Serialized files now loaded: 0)
System memory in use before: 143.4 MB.
System memory in use after: 143.5 MB.

Unloading 6 unused Assets to reduce memory usage. Loaded Objects now: 1617.
Total: 1.839700 ms (FindLiveObjects: 0.184000 ms CreateObjectMapping: 0.032700 ms MarkObjects: 1.563100 ms  DeleteObjects: 0.058900 ms)

========================================================================
Received Import Request.
  Time since last request: 595.319021 seconds.
  path: Assets/Scripts/MoveOnTouch.cs
  artifactKey: Guid(4583b4ec5d9acf649a44e74058b03a6f) Importer(815301076,1909f56bfc062723c751e8b465ee728b)
Start importing Assets/Scripts/MoveOnTouch.cs using Guid(4583b4ec5d9acf649a44e74058b03a6f) Importer(815301076,1909f56bfc062723c751e8b465ee728b)  -> (artifact id: 'c650c54736debea473eb9bb172815f20') in 0.011484 seconds
  Import took 0.014159 seconds .

========================================================================
Received Import Request.
  Time since last request: 0.001038 seconds.
  path: Assets/Scripts/MoveOnTouch.cs
  artifactKey: Guid(4583b4ec5d9acf649a44e74058b03a6f) Importer(815301076,1909f56bfc062723c751e8b465ee728b)
Start importing Assets/Scripts/MoveOnTouch.cs using Guid(4583b4ec5d9acf649a44e74058b03a6f) Importer(815301076,1909f56bfc062723c751e8b465ee728b)  -> (artifact id: 'c650c54736debea473eb9bb172815f20') in 0.002899 seconds
  Import took 0.005132 seconds .

========================================================================
Received Prepare
Registering precompiled user dll's ...
Registered in 0.001097 seconds.
Begin MonoManager ReloadAssembly
Native extension for WindowsStandalone target not found
Refreshing native plugins compatible for Editor in 0.27 ms, found 0 plugins.
Preloading 0 native plugins for Editor in 0.00 ms.
Invoked RoslynAnalysisRunner static constructor.
RoslynAnalysisRunner will not be running.
RoslynAnalysisRunner has terminated.
Mono: successfully reloaded assembly
- Completed reload, in  0.945 seconds
Platform modules already initialized, skipping
Refreshing native plugins compatible for Editor in 0.26 ms, found 0 plugins.
Preloading 0 native plugins for Editor in 0.00 ms.
Unloading 1099 Unused Serialized files (Serialized files now loaded: 0)
System memory in use before: 143.4 MB.
System memory in use after: 143.5 MB.

Unloading 5 unused Assets to reduce memory usage. Loaded Objects now: 1620.
Total: 2.070400 ms (FindLiveObjects: 0.210900 ms CreateObjectMapping: 0.033900 ms MarkObjects: 1.759300 ms  DeleteObjects: 0.064800 ms)

========================================================================
Received Prepare
Registering precompiled user dll's ...
Registered in 0.000852 seconds.
Begin MonoManager ReloadAssembly
Native extension for WindowsStandalone target not found
Refreshing native plugins compatible for Editor in 0.26 ms, found 0 plugins.
Preloading 0 native plugins for Editor in 0.00 ms.
Invoked RoslynAnalysisRunner static constructor.
RoslynAnalysisRunner will not be running.
RoslynAnalysisRunner has terminated.
Mono: successfully reloaded assembly
- Completed reload, in  0.929 seconds
Platform modules already initialized, skipping
Refreshing native plugins compatible for Editor in 0.27 ms, found 0 plugins.
Preloading 0 native plugins for Editor in 0.00 ms.
Unloading 1099 Unused Serialized files (Serialized files now loaded: 0)
System memory in use before: 143.5 MB.
System memory in use after: 143.5 MB.

Unloading 5 unused Assets to reduce memory usage. Loaded Objects now: 1622.
Total: 1.965900 ms (FindLiveObjects: 0.187600 ms CreateObjectMapping: 0.033000 ms MarkObjects: 1.680900 ms  DeleteObjects: 0.063000 ms)

========================================================================
Received Import Request.
  Time since last request: 361.090075 seconds.
  path: Assets/Scripts/MoveOnTouch.cs
  artifactKey: Guid(4583b4ec5d9acf649a44e74058b03a6f) Importer(815301076,1909f56bfc062723c751e8b465ee728b)
Start importing Assets/Scripts/MoveOnTouch.cs using Guid(4583b4ec5d9acf649a44e74058b03a6f) Importer(815301076,1909f56bfc062723c751e8b465ee728b)  -> (artifact id: '703f5acb83bca4d92f4adb340fbdf8a7') in 0.005309 seconds
  Import took 0.007555 seconds .

========================================================================
Received Prepare
Registering precompiled user dll's ...
Registered in 0.000869 seconds.
Begin MonoManager ReloadAssembly
Native extension for WindowsStandalone target not found
Refreshing native plugins compatible for Editor in 0.25 ms, found 0 plugins.
Preloading 0 native plugins for Editor in 0.00 ms.
Invoked RoslynAnalysisRunner static constructor.
RoslynAnalysisRunner will not be running.
RoslynAnalysisRunner has terminated.
Mono: successfully reloaded assembly
- Completed reload, in  0.917 seconds
Platform modules already initialized, skipping
Refreshing native plugins compatible for Editor in 0.26 ms, found 0 plugins.
Preloading 0 native plugins for Editor in 0.00 ms.
Unloading 1098 Unused Serialized files (Serialized files now loaded: 0)
System memory in use before: 143.4 MB.
System memory in use after: 143.5 MB.

Unloading 6 unused Assets to reduce memory usage. Loaded Objects now: 1623.
Total: 1.953500 ms (FindLiveObjects: 0.175800 ms CreateObjectMapping: 0.032600 ms MarkObjects: 1.663300 ms  DeleteObjects: 0.080600 ms)

AssetImportWorkerClient::OnTransportError - code=2 error=End of file
